Arduino/ArduinoServer/shutdown-android-app-master/app/build/outputs/logs/manifest-merger-debug-report.txt
-- Merging decision tree log ---
manifest
ADDED from src\main\AndroidManifest.xml:2:1-15:12
	package
		ADDED from src\main\AndroidManifest.xml:3:2-31
		INJECTED from src\main\AndroidManifest.xml
		INJECTED from src\main\AndroidManifest.xml
	android:versionName
		ADDED from src\main\AndroidManifest.xml:3:32-70
	xmlns:android
		ADDED from src\main\AndroidManifest.xml:2:11-69
uses-sdk
ADDED from src\main\AndroidManifest.xml:4:2-78
	android:targetSdkVersion
		ADDED from src\main\AndroidManifest.xml:4:38-66
		INJECTED from src\main\AndroidManifest.xml
		INJECTED from src\main\AndroidManifest.xml
	android:minSdkVersion
		ADDED from src\main\AndroidManifest.xml:4:12-37
		INJECTED from src\main\AndroidManifest.xml
		INJECTED from src\main\AndroidManifest.xml
application
ADDED from src\main\AndroidManifest.xml:5:2-14:16
	android:label
		ADDED from src\main\AndroidManifest.xml:5:45-77
	android:icon
		ADDED from src\main\AndroidManifest.xml:5:15-44
activity#com.ubicoo.shutdown.Shutdown
ADDED from src\main\AndroidManifest.xml:6:3-13:14
	android:label
		ADDED from src\main\AndroidManifest.xml:6:38-70
	android:excludeFromRecents
		ADDED from src\main\AndroidManifest.xml:8:4-37
	android:launchMode
		ADDED from src\main\AndroidManifest.xml:7:51-86
	android:finishOnTaskLaunch
		ADDED from src\main\AndroidManifest.xml:8:38-71
	android:theme
		ADDED from src\main\AndroidManifest.xml:7:4-50
	android:name
		ADDED from src\main\AndroidManifest.xml:6:13-37
intent-filter#android.intent.action.MAIN+android.intent.category.LAUNCHER
ADDED from src\main\AndroidManifest.xml:9:4-12:20
action#android.intent.action.MAIN
ADDED from src\main\AndroidManifest.xml:10:5-57
	android:name
		ADDED from src\main\AndroidManifest.xml:10:13-54
category#android.intent.category.LAUNCHER
ADDED from src\main\AndroidManifest.xml:11:5-65
	android:name
		ADDED from src\main\AndroidManifest.xml:11:15-62